<?xml version="1.0" encoding="UTF-8"?>
<!-- Generated by org.testng.reporters.JUnitReportReporter -->
<testsuite hostname="inlen8520015750" failures="0" tests="1" name="TestMethods.KSRRTC" time="7.118" errors="0" timestamp="2024-02-12T20:06:48 IST" skipped="0">
  <testcase classname="TestMethods.KSRRTC" name="M1" time="7.118"/>
  <system-out/>
</testsuite> <!-- TestMethods.KSRRTC -->
