<?xml version="1.0" encoding="UTF-8"?>
<!-- Generated by org.testng.reporters.JUnitReportReporter -->
<testsuite hostname="inlen8520015750" failures="0" tests="1" name="JavaacriptExecutor.scrollupANDscrolldown" time="5.109" errors="0" timestamp="2024-02-09T12:27:10 IST" skipped="0">
  <testcase classname="JavaacriptExecutor.scrollupANDscrolldown" name="movetoEle" time="5.109"/>
  <system-out/>
</testsuite> <!-- JavaacriptExecutor.scrollupANDscrolldown -->
