<?xml version="1.0" encoding="UTF-8"?>
<!-- Generated by org.testng.reporters.JUnitReportReporter -->
<testsuite hostname="inlen8520015750" failures="0" tests="1" name="TestMethods.MakeMyTrip" time="5.345" errors="0" timestamp="2024-02-15T15:01:08 IST" skipped="0">
  <testcase classname="TestMethods.MakeMyTrip" name="m2" time="5.345"/>
  <system-out/>
</testsuite> <!-- TestMethods.MakeMyTrip -->
