<?xml version="1.0" encoding="UTF-8"?>
<!-- Generated by org.testng.reporters.JUnitReportReporter -->
<testsuite hostname="inlen8520015750" failures="0" tests="1" name="TestMethods.TollGE" time="22.517" errors="0" timestamp="2024-02-08T10:55:36 IST" skipped="0">
  <testcase classname="TestMethods.TollGE" name="GetText" time="22.517"/>
  <system-out/>
</testsuite> <!-- TestMethods.TollGE -->
