<?xml version="1.0" encoding="UTF-8"?>
<!-- Generated by org.testng.reporters.JUnitReportReporter -->
<testsuite hostname="inlen8520015750" failures="0" tests="1" name="TestMethods.SoftwareTesting" time="47.731" errors="0" timestamp="2024-02-14T15:41:10 IST" skipped="0">
  <testcase classname="TestMethods.SoftwareTesting" name="m2" time="47.731"/>
  <system-out/>
</testsuite> <!-- TestMethods.SoftwareTesting -->
