<?xml version="1.0" encoding="UTF-8"?>
<!-- Generated by org.testng.reporters.JUnitReportReporter -->
<testsuite hostname="inlen8520015750" failures="0" tests="5" name="TestMethods.Nobroker" time="144.895" errors="0" timestamp="2024-02-29T11:53:00 IST" skipped="0">
  <testcase classname="TestMethods.Nobroker" name="login" time="10.326"/>
  <system-out/>
  <testcase classname="TestMethods.Nobroker" name="validate_profile" time="1.053"/>
  <system-out/>
  <testcase classname="TestMethods.Nobroker" name="navigate_menu" time="55.060"/>
  <system-out/>
  <testcase classname="TestMethods.Nobroker" name="post" time="8.515"/>
  <system-out/>
  <testcase classname="TestMethods.Nobroker" name="post_ad" time="69.941"/>
  <system-out/>
</testsuite> <!-- TestMethods.Nobroker -->
