<?xml version="1.0" encoding="UTF-8"?>
<!-- Generated by org.testng.reporters.JUnitReportReporter -->
<testsuite hostname="inlen8520015750" failures="0" tests="5" name="TestMethods.TM_GoogleSearch" time="85.980" errors="0" timestamp="2024-02-07T20:13:52 IST" skipped="0">
  <testcase classname="TestMethods.TM_GoogleSearch" name="serachtext" time="10.963"/>
  <system-out/>
  <testcase classname="TestMethods.TM_GoogleSearch" name="VerifyLogin" time="13.351"/>
  <system-out/>
  <testcase classname="TestMethods.TM_GoogleSearch" name="ADDUSER" time="23.096"/>
  <system-out/>
  <testcase classname="TestMethods.TM_GoogleSearch" name="SearchSystemUser1" time="22.191"/>
  <system-out/>
  <testcase classname="TestMethods.TM_GoogleSearch" name="ClaimProcess" time="16.379"/>
  <system-out/>
</testsuite> <!-- TestMethods.TM_GoogleSearch -->
