<?xml version="1.0" encoding="UTF-8"?>
<!-- Generated by org.testng.reporters.JUnitReportReporter -->
<testsuite hostname="inlen8520015750" failures="0" tests="1" name="TestMethods.BMW" time="0.493" errors="0" timestamp="2024-02-13T15:05:51 IST" skipped="0">
  <testcase classname="TestMethods.BMW" name="m2" time="0.493"/>
  <system-out/>
</testsuite> <!-- TestMethods.BMW -->
